2019-02-12 23:07:20,671 [Worker-5] INFO  c.g.t.t.d.PublishedGradleVersions - Gradle version information cache is up-to-date. Trying to read.
2019-02-12 23:07:50,981 [Worker-9] INFO  o.e.m.c.i.l.LifecycleMappingFactory - Using org.eclipse.m2e.jdt.JarLifecycleMapping lifecycle mapping for MavenProject: com.ianperfitt:house-show-webapp:0.0.1-SNAPSHOT @ /Users/ianperfitt/Documents/House-Show-Web-App/server-side/pom.xml.
2019-02-12 23:07:54,641 [Worker-9] INFO  o.e.m.j.i.AbstractJavaProjectConfigurator - Adding source folder /server-side/src/main/java
2019-02-12 23:07:54,642 [Worker-9] INFO  o.e.m.j.i.AbstractJavaProjectConfigurator - Adding source folder /server-side/src/test/java
2019-02-12 23:07:55,197 [Worker-9] INFO  o.e.m.c.i.p.ProjectConfigurationManager - Imported and configured 1 project(s) in 10 sec
2019-02-12 23:08:00,543 [Worker-10] INFO  o.e.m.c.i.embedder.EclipseLogger - Using 'UTF-8' encoding to copy filtered resources.
2019-02-12 23:08:00,544 [Worker-10] INFO  o.e.m.c.i.embedder.EclipseLogger - skip non existing resourceDirectory /Users/ianperfitt/Documents/House-Show-Web-App/server-side/src/main/resources
2019-02-12 23:08:00,544 [Worker-10] INFO  o.e.m.c.i.embedder.EclipseLogger - skip non existing resourceDirectory /Users/ianperfitt/Documents/House-Show-Web-App/server-side/src/main/resources
2019-02-12 23:08:00,550 [Worker-10] INFO  o.e.m.c.i.embedder.EclipseLogger - Using 'UTF-8' encoding to copy filtered resources.
2019-02-12 23:08:00,550 [Worker-10] INFO  o.e.m.c.i.embedder.EclipseLogger - skip non existing resourceDirectory /Users/ianperfitt/Documents/House-Show-Web-App/server-side/src/test/resources
2019-02-12 23:10:46,871 [Worker-3] INFO  o.e.m.c.i.l.LifecycleMappingFactory - Using org.eclipse.m2e.jdt.JarLifecycleMapping lifecycle mapping for MavenProject: com.ianperfitt:house-show-web-app:0.0.1-SNAPSHOT @ /Users/ianperfitt/Documents/House-Show-Web-App/server-side/pom.xml.
2019-02-12 23:10:47,603 [Worker-3] INFO  o.e.m.c.i.embedder.EclipseLogger - Using 'UTF-8' encoding to copy filtered resources.
2019-02-12 23:10:47,603 [Worker-3] INFO  o.e.m.c.i.embedder.EclipseLogger - skip non existing resourceDirectory /Users/ianperfitt/Documents/House-Show-Web-App/server-side/src/main/resources
2019-02-12 23:10:47,603 [Worker-3] INFO  o.e.m.c.i.embedder.EclipseLogger - skip non existing resourceDirectory /Users/ianperfitt/Documents/House-Show-Web-App/server-side/src/main/resources
2019-02-12 23:10:47,606 [Worker-3] INFO  o.e.m.c.i.embedder.EclipseLogger - Using 'UTF-8' encoding to copy filtered resources.
2019-02-12 23:10:47,606 [Worker-3] INFO  o.e.m.c.i.embedder.EclipseLogger - skip non existing resourceDirectory /Users/ianperfitt/Documents/House-Show-Web-App/server-side/src/test/resources
2019-02-12 23:10:54,059 [Worker-3] INFO  o.e.m.c.i.p.ProjectConfigurationManager - Update started
2019-02-12 23:10:54,844 [Worker-3] INFO  o.e.m.c.i.l.LifecycleMappingFactory - Using org.eclipse.m2e.jdt.JarLifecycleMapping lifecycle mapping for MavenProject: com.ianperfitt:house-show-web-app:0.0.1-SNAPSHOT @ /Users/ianperfitt/Documents/House-Show-Web-App/server-side/pom.xml.
2019-02-12 23:10:55,429 [Worker-3] INFO  o.e.m.j.i.AbstractJavaProjectConfigurator - Adding source folder /server-side/src/main/java
2019-02-12 23:10:55,429 [Worker-3] INFO  o.e.m.j.i.AbstractJavaProjectConfigurator - Adding source folder /server-side/src/test/java
2019-02-12 23:10:55,649 [Worker-3] INFO  o.e.m.c.i.p.ProjectConfigurationManager - Update completed: 1 sec
2019-02-12 23:10:56,699 [Worker-15] INFO  o.e.m.c.i.embedder.EclipseLogger - Using 'UTF-8' encoding to copy filtered resources.
2019-02-12 23:10:56,700 [Worker-15] INFO  o.e.m.c.i.embedder.EclipseLogger - skip non existing resourceDirectory /Users/ianperfitt/Documents/House-Show-Web-App/server-side/src/main/resources
2019-02-12 23:10:56,700 [Worker-15] INFO  o.e.m.c.i.embedder.EclipseLogger - skip non existing resourceDirectory /Users/ianperfitt/Documents/House-Show-Web-App/server-side/src/main/resources
2019-02-12 23:10:56,702 [Worker-15] INFO  o.e.m.c.i.embedder.EclipseLogger - Using 'UTF-8' encoding to copy filtered resources.
2019-02-12 23:10:56,702 [Worker-15] INFO  o.e.m.c.i.embedder.EclipseLogger - skip non existing resourceDirectory /Users/ianperfitt/Documents/House-Show-Web-App/server-side/src/test/resources
2020-02-03 12:44:46,257 [Worker-3: Loading available Gradle versions] INFO  o.e.b.c.i.u.g.PublishedGradleVersions - Gradle version information cache is up-to-date. Trying to read.
2020-02-03 12:44:50,076 [Worker-2: reload maven project] WARN  o.e.m.c.i.embedder.EclipseLogger - The POM for com.oracle:ojdbc7:jar:12.1.0 is missing, no dependency information available
2020-02-03 12:44:50,247 [Worker-14: reload maven project] WARN  o.e.m.c.i.embedder.EclipseLogger - The POM for com.oracle:ojdbc7:jar:12.1.0 is missing, no dependency information available
2020-02-03 12:44:53,065 [Worker-2: reload maven project] WARN  o.e.m.c.i.embedder.EclipseLogger - The POM for com.oracle:ojdbc7:jar:12.1.0 is missing, no dependency information available
2020-02-03 12:44:53,102 [Worker-11: Updating Maven Dependencies] INFO  o.e.m.c.i.l.LifecycleMappingFactory - Using org.eclipse.m2e.jdt.JarLifecycleMapping lifecycle mapping for MavenProject: com.ianperfitt:house-show-web-app:0.0.1-SNAPSHOT @ /Users/ianperfitt/Documents/GitHub/House-Show-Web-App/server-side/pom.xml.
2020-02-03 12:44:53,221 [Worker-14: reload maven project] WARN  o.e.m.c.i.embedder.EclipseLogger - The POM for com.oracle:ojdbc7:jar:12.1.0 is missing, no dependency information available
2020-02-03 12:44:53,662 [Worker-4: Building] INFO  o.e.m.c.i.l.LifecycleMappingFactory - Using org.eclipse.m2e.jdt.JarLifecycleMapping lifecycle mapping for MavenProject: com.ianperfitt:house-show-web-app:0.0.1-SNAPSHOT @ /Users/ianperfitt/Documents/GitHub/House-Show-Web-App/server-side/pom.xml.
2020-02-03 12:44:53,868 [Worker-11: Updating Maven Dependencies] WARN  o.e.m.c.i.embedder.EclipseLogger - The POM for com.oracle:ojdbc7:jar:12.1.0 is missing, no dependency information available
2020-02-03 12:44:54,642 [Worker-4: Building] WARN  o.e.m.c.i.embedder.EclipseLogger - The POM for com.oracle:ojdbc7:jar:12.1.0 is missing, no dependency information available
2020-02-03 12:44:56,963 [Worker-4: Building] INFO  o.e.m.c.i.embedder.EclipseLogger - Using 'UTF-8' encoding to copy filtered resources.
2020-02-03 12:44:56,963 [Worker-4: Building] INFO  o.e.m.c.i.embedder.EclipseLogger - skip non existing resourceDirectory /Users/ianperfitt/Documents/GitHub/House-Show-Web-App/server-side/src/main/resources
2020-02-03 12:44:56,964 [Worker-4: Building] INFO  o.e.m.c.i.embedder.EclipseLogger - skip non existing resourceDirectory /Users/ianperfitt/Documents/GitHub/House-Show-Web-App/server-side/src/main/resources
2020-02-03 12:44:57,000 [Worker-4: Building] INFO  o.e.m.c.i.embedder.EclipseLogger - Using 'UTF-8' encoding to copy filtered resources.
2020-02-03 12:44:57,000 [Worker-4: Building] INFO  o.e.m.c.i.embedder.EclipseLogger - skip non existing resourceDirectory /Users/ianperfitt/Documents/GitHub/House-Show-Web-App/server-side/src/test/resources
2020-02-03 12:44:58,268 [Worker-6: Updating Maven Dependencies] INFO  o.e.m.c.i.l.LifecycleMappingFactory - Using org.eclipse.m2e.jdt.JarLifecycleMapping lifecycle mapping for MavenProject: com.ianperfitt:house-show-web-app:0.0.1-SNAPSHOT @ /Users/ianperfitt/Documents/GitHub/House-Show-Web-App/server-side/pom.xml.
2020-02-03 12:44:58,645 [Worker-6: Updating Maven Dependencies] WARN  o.e.m.c.i.embedder.EclipseLogger - The POM for com.oracle:ojdbc7:jar:12.1.0 is missing, no dependency information available
2020-02-03 12:44:59,530 [Worker-10: Building] WARN  o.e.m.c.i.embedder.EclipseLogger - The POM for com.oracle:ojdbc7:jar:12.1.0 is missing, no dependency information available
2020-02-03 12:44:59,912 [Worker-10: Building] INFO  o.e.m.c.i.embedder.EclipseLogger - Using 'UTF-8' encoding to copy filtered resources.
2020-02-03 12:44:59,913 [Worker-10: Building] INFO  o.e.m.c.i.embedder.EclipseLogger - skip non existing resourceDirectory /Users/ianperfitt/Documents/GitHub/House-Show-Web-App/server-side/src/main/resources
2020-02-03 12:44:59,913 [Worker-10: Building] INFO  o.e.m.c.i.embedder.EclipseLogger - skip non existing resourceDirectory /Users/ianperfitt/Documents/GitHub/House-Show-Web-App/server-side/src/main/resources
2020-02-03 12:44:59,916 [Worker-10: Building] INFO  o.e.m.c.i.embedder.EclipseLogger - Using 'UTF-8' encoding to copy filtered resources.
2020-02-03 12:44:59,916 [Worker-10: Building] INFO  o.e.m.c.i.embedder.EclipseLogger - skip non existing resourceDirectory /Users/ianperfitt/Documents/GitHub/House-Show-Web-App/server-side/src/test/resources
2020-02-03 12:45:01,924 [Worker-2: Building] WARN  o.e.m.c.i.embedder.EclipseLogger - The POM for com.oracle:ojdbc7:jar:12.1.0 is missing, no dependency information available
2020-02-03 12:45:02,462 [Worker-2: Building] INFO  o.e.m.c.i.embedder.EclipseLogger - Using 'UTF-8' encoding to copy filtered resources.
2020-02-03 12:45:02,462 [Worker-2: Building] INFO  o.e.m.c.i.embedder.EclipseLogger - skip non existing resourceDirectory /Users/ianperfitt/Documents/GitHub/House-Show-Web-App/server-side/src/main/resources
2020-02-03 12:45:02,462 [Worker-2: Building] INFO  o.e.m.c.i.embedder.EclipseLogger - skip non existing resourceDirectory /Users/ianperfitt/Documents/GitHub/House-Show-Web-App/server-side/src/main/resources
2020-02-03 12:45:02,465 [Worker-2: Building] INFO  o.e.m.c.i.embedder.EclipseLogger - Using 'UTF-8' encoding to copy filtered resources.
2020-02-03 12:45:02,465 [Worker-2: Building] INFO  o.e.m.c.i.embedder.EclipseLogger - skip non existing resourceDirectory /Users/ianperfitt/Documents/GitHub/House-Show-Web-App/server-side/src/test/resources
2020-02-03 12:45:17,555 [Worker-15: Building] INFO  o.e.m.c.i.embedder.EclipseLogger - Using 'UTF-8' encoding to copy filtered resources.
2020-02-03 12:45:17,556 [Worker-15: Building] INFO  o.e.m.c.i.embedder.EclipseLogger - skip non existing resourceDirectory /Users/ianperfitt/Documents/GitHub/House-Show-Web-App/server-side/src/main/resources
2020-02-03 12:45:17,556 [Worker-15: Building] INFO  o.e.m.c.i.embedder.EclipseLogger - skip non existing resourceDirectory /Users/ianperfitt/Documents/GitHub/House-Show-Web-App/server-side/src/main/resources
2020-02-03 12:45:17,559 [Worker-15: Building] INFO  o.e.m.c.i.embedder.EclipseLogger - Using 'UTF-8' encoding to copy filtered resources.
2020-02-03 12:45:17,559 [Worker-15: Building] INFO  o.e.m.c.i.embedder.EclipseLogger - skip non existing resourceDirectory /Users/ianperfitt/Documents/GitHub/House-Show-Web-App/server-side/src/test/resources
2020-02-03 12:45:18,673 [Worker-2: Building] INFO  o.e.m.c.i.embedder.EclipseLogger - Using 'UTF-8' encoding to copy filtered resources.
2020-02-03 12:45:18,673 [Worker-2: Building] INFO  o.e.m.c.i.embedder.EclipseLogger - skip non existing resourceDirectory /Users/ianperfitt/Documents/GitHub/House-Show-Web-App/server-side/src/main/resources
2020-02-03 12:45:18,673 [Worker-2: Building] INFO  o.e.m.c.i.embedder.EclipseLogger - skip non existing resourceDirectory /Users/ianperfitt/Documents/GitHub/House-Show-Web-App/server-side/src/main/resources
2020-02-03 12:45:18,678 [Worker-2: Building] INFO  o.e.m.c.i.embedder.EclipseLogger - Using 'UTF-8' encoding to copy filtered resources.
2020-02-03 12:45:18,678 [Worker-2: Building] INFO  o.e.m.c.i.embedder.EclipseLogger - skip non existing resourceDirectory /Users/ianperfitt/Documents/GitHub/House-Show-Web-App/server-side/src/test/resources
2020-02-03 12:46:58,074 [Worker-5: Building] INFO  o.e.m.c.i.l.LifecycleMappingFactory - Using org.eclipse.m2e.jdt.JarLifecycleMapping lifecycle mapping for MavenProject: com.ianperfitt:house-show-web-app:0.0.1-SNAPSHOT @ /Users/ianperfitt/Documents/GitHub/House-Show-Web-App/server-side/pom.xml.
2020-02-03 12:46:59,148 [Worker-5: Building] INFO  o.e.m.c.i.embedder.EclipseLogger - Using 'UTF-8' encoding to copy filtered resources.
2020-02-03 12:46:59,149 [Worker-5: Building] INFO  o.e.m.c.i.embedder.EclipseLogger - skip non existing resourceDirectory /Users/ianperfitt/Documents/GitHub/House-Show-Web-App/server-side/src/main/resources
2020-02-03 12:46:59,149 [Worker-5: Building] INFO  o.e.m.c.i.embedder.EclipseLogger - skip non existing resourceDirectory /Users/ianperfitt/Documents/GitHub/House-Show-Web-App/server-side/src/main/resources
2020-02-03 12:46:59,154 [Worker-5: Building] INFO  o.e.m.c.i.embedder.EclipseLogger - Using 'UTF-8' encoding to copy filtered resources.
2020-02-03 12:46:59,154 [Worker-5: Building] INFO  o.e.m.c.i.embedder.EclipseLogger - skip non existing resourceDirectory /Users/ianperfitt/Documents/GitHub/House-Show-Web-App/server-side/src/test/resources
2020-02-03 12:47:01,661 [Worker-5: Building] INFO  o.e.m.c.i.embedder.EclipseLogger - Using 'UTF-8' encoding to copy filtered resources.
2020-02-03 12:47:01,662 [Worker-5: Building] INFO  o.e.m.c.i.embedder.EclipseLogger - skip non existing resourceDirectory /Users/ianperfitt/Documents/GitHub/House-Show-Web-App/server-side/src/main/resources
2020-02-03 12:47:01,662 [Worker-5: Building] INFO  o.e.m.c.i.embedder.EclipseLogger - skip non existing resourceDirectory /Users/ianperfitt/Documents/GitHub/House-Show-Web-App/server-side/src/main/resources
2020-02-03 12:47:01,665 [Worker-5: Building] INFO  o.e.m.c.i.embedder.EclipseLogger - Using 'UTF-8' encoding to copy filtered resources.
2020-02-03 12:47:01,666 [Worker-5: Building] INFO  o.e.m.c.i.embedder.EclipseLogger - skip non existing resourceDirectory /Users/ianperfitt/Documents/GitHub/House-Show-Web-App/server-side/src/test/resources
2020-02-03 12:48:55,039 [Worker-17: Building] INFO  o.e.m.c.i.embedder.EclipseLogger - Using 'UTF-8' encoding to copy filtered resources.
2020-02-03 12:48:55,040 [Worker-17: Building] INFO  o.e.m.c.i.embedder.EclipseLogger - skip non existing resourceDirectory /Users/ianperfitt/Documents/GitHub/House-Show-Web-App/server-side/src/main/resources
2020-02-03 12:48:55,041 [Worker-17: Building] INFO  o.e.m.c.i.embedder.EclipseLogger - skip non existing resourceDirectory /Users/ianperfitt/Documents/GitHub/House-Show-Web-App/server-side/src/main/resources
2020-02-03 12:48:55,044 [Worker-17: Building] INFO  o.e.m.c.i.embedder.EclipseLogger - Using 'UTF-8' encoding to copy filtered resources.
2020-02-03 12:48:55,044 [Worker-17: Building] INFO  o.e.m.c.i.embedder.EclipseLogger - skip non existing resourceDirectory /Users/ianperfitt/Documents/GitHub/House-Show-Web-App/server-side/src/test/resources
2020-02-04 10:54:49,491 [Worker-0: Loading available Gradle versions] INFO  o.e.b.c.i.u.g.PublishedGradleVersions - Gradle version information cache is out-of-date. Trying to update.
2020-02-04 10:56:59,450 [Worker-9: Importing Maven projects] ERROR o.e.m.c.i.p.ProjectConfigurationManager - Project server-side already exists
2020-02-04 10:56:59,467 [Worker-9: Importing Maven projects] INFO  o.e.m.c.i.p.ProjectConfigurationManager - Imported and configured 1 project(s) in 0 sec
